Using pre-set license
Built from '2021.3/staging' branch; Version is '2021.3.20f1 (577897200b8b) revision 5732503'; Using compiler version '192829333'; Build Type 'Release'
OS: 'Windows 10  (10.0.19044) 64bit Core' Language: 'pt' Physical Memory: 16191 MB
BatchMode: 1, IsHumanControllingUs: 0, StartBugReporterOnCrash: 0, Is64bit: 1, IsPro: 1

COMMAND LINE ARGUMENTS:
C:\Program Files\Unity\Hub\Editor\2021.3.20f1\Editor\Unity.exe
-adb2
-batchMode
-noUpm
-name
AssetImportWorker0
-projectPath
C:/Users/fabio/Documents/GitHub/LabirintoNPI/Labirinto
-logFile
Logs/AssetImportWorker0.log
-srvPort
55744
Successfully changed project path to: C:/Users/fabio/Documents/GitHub/LabirintoNPI/Labirinto
C:/Users/fabio/Documents/GitHub/LabirintoNPI/Labirinto
[UnityMemory] Configuration Parameters - Can be set up in boot.config
    "memorysetup-bucket-allocator-granularity=16"
    "memorysetup-bucket-allocator-bucket-count=8"
    "memorysetup-bucket-allocator-block-size=33554432"
    "memorysetup-bucket-allocator-block-count=8"
    "memorysetup-main-allocator-block-size=16777216"
    "memorysetup-thread-allocator-block-size=16777216"
    "memorysetup-gfx-main-allocator-block-size=16777216"
    "memorysetup-gfx-thread-allocator-block-size=16777216"
    "memorysetup-cache-allocator-block-size=4194304"
    "memorysetup-typetree-allocator-block-size=2097152"
    "memorysetup-profiler-bucket-allocator-granularity=16"
    "memorysetup-profiler-bucket-allocator-bucket-count=8"
    "memorysetup-profiler-bucket-allocator-block-size=33554432"
    "memorysetup-profiler-bucket-allocator-block-count=8"
    "memorysetup-profiler-allocator-block-size=16777216"
    "memorysetup-profiler-editor-allocator-block-size=1048576"
    "memorysetup-temp-allocator-size-main=16777216"
    "memorysetup-job-temp-allocator-block-size=2097152"
    "memorysetup-job-temp-allocator-block-size-background=1048576"
    "memorysetup-job-temp-allocator-reduction-small-platforms=262144"
    "memorysetup-temp-allocator-size-background-worker=32768"
    "memorysetup-temp-allocator-size-job-worker=262144"
    "memorysetup-temp-allocator-size-preload-manager=33554432"
    "memorysetup-temp-allocator-size-nav-mesh-worker=65536"
    "memorysetup-temp-allocator-size-audio-worker=65536"
    "memorysetup-temp-allocator-size-cloud-worker=32768"
    "memorysetup-temp-allocator-size-gi-baking-worker=262144"
    "memorysetup-temp-allocator-size-gfx=262144"
Player connection [11724] Host "[IP] 192.168.0.13 [Port] 0 [Flags] 2 [Guid] 2180046097 [EditorId] 2180046097 [Version] 1048832 [Id] WindowsEditor(7,LAPTOP-2JFAGL49) [Debug] 1 [PackageName] WindowsEditor [ProjectName] Editor" joined multi-casting on [225.0.0.222:54997]...

Player connection [11724] Host "[IP] 192.168.0.13 [Port] 0 [Flags] 2 [Guid] 2180046097 [EditorId] 2180046097 [Version] 1048832 [Id] WindowsEditor(7,LAPTOP-2JFAGL49) [Debug] 1 [PackageName] WindowsEditor [ProjectName] Editor" joined alternative multi-casting on [225.0.0.222:34997]...

Refreshing native plugins compatible for Editor in 181.29 ms, found 4 plugins.
Preloading 0 native plugins for Editor in 0.00 ms.
Initialize engine version: 2021.3.20f1 (577897200b8b)
[Subsystems] Discovering subsystems at path C:/Program Files/Unity/Hub/Editor/2021.3.20f1/Editor/Data/Resources/UnitySubsystems
[Subsystems] Discovering subsystems at path C:/Users/fabio/Documents/GitHub/LabirintoNPI/Labirinto/Assets
GfxDevice: creating device client; threaded=0; jobified=0
Direct3D:
    Version:  Direct3D 11.0 [level 11.1]
    Renderer: NVIDIA GeForce GTX 1050 Ti (ID=0x1c8c)
    Vendor:   NVIDIA
    VRAM:     4017 MB
    Driver:   31.0.15.2756
Initialize mono
Mono path[0] = 'C:/Program Files/Unity/Hub/Editor/2021.3.20f1/Editor/Data/Managed'
Mono path[1] = 'C:/Program Files/Unity/Hub/Editor/2021.3.20f1/Editor/Data/MonoBleedingEdge/lib/mono/unityjit-win32'
Mono config path = 'C:/Program Files/Unity/Hub/Editor/2021.3.20f1/Editor/Data/MonoBleedingEdge/etc'
Using monoOptions --debugger-agent=transport=dt_socket,embedding=1,server=y,suspend=n,address=127.0.0.1:56064
Begin MonoManager ReloadAssembly
Registering precompiled unity dll's ...
Register platform support module: C:/Program Files/Unity/Hub/Editor/2021.3.20f1/Editor/Data/PlaybackEngines/WindowsStandaloneSupport/UnityEditor.WindowsStandalone.Extensions.dll
Registered in 0.009178 seconds.
Native extension for WindowsStandalone target not found
Refreshing native plugins compatible for Editor in 95.94 ms, found 4 plugins.
Preloading 0 native plugins for Editor in 0.00 ms.
Mono: successfully reloaded assembly
- Completed reload, in  0.709 seconds
Domain Reload Profiling:
	ReloadAssembly (709ms)
		BeginReloadAssembly (91ms)
			ExecutionOrderSort (0ms)
			DisableScriptedObjects (0ms)
			BackupInstance (0ms)
			ReleaseScriptingObjects (0ms)
			CreateAndSetChildDomain (1ms)
		EndReloadAssembly (512ms)
			LoadAssemblies (88ms)
			RebuildTransferFunctionScriptingTraits (0ms)
			SetupTypeCache (108ms)
			ReleaseScriptCaches (0ms)
			RebuildScriptCaches (30ms)
			SetupLoadedEditorAssemblies (318ms)
				LogAssemblyErrors (0ms)
				InitializePlatformSupportModulesInManaged (9ms)
				SetLoadedEditorAssemblies (0ms)
				RefreshPlugins (96ms)
				BeforeProcessingInitializeOnLoad (1ms)
				ProcessInitializeOnLoadAttributes (151ms)
				ProcessInitializeOnLoadMethodAttributes (60ms)
				AfterProcessingInitializeOnLoad (0ms)
				EditorAssembliesLoaded (0ms)
			ExecutionOrderSort2 (0ms)
			AwakeInstancesAfterBackupRestoration (0ms)
Platform modules already initialized, skipping
Registering precompiled user dll's ...
Registered in 0.015463 seconds.
Begin MonoManager ReloadAssembly
Symbol file LoadedFromMemory doesn't match image C:\Users\fabio\Documents\GitHub\LabirintoNPI\Labirinto\Library\PackageCache\com.unity.visualscripting@1.8.0\Editor\VisualScripting.Core\Dependencies\YamlDotNet\Unity.VisualScripting.YamlDotNet.dll
Symbol file LoadedFromMemory doesn't match image C:\Users\fabio\Documents\GitHub\LabirintoNPI\Labirinto\Library\PackageCache\com.unity.visualscripting@1.8.0\Editor\VisualScripting.Core\Dependencies\DotNetZip\Unity.VisualScripting.IonicZip.dll
Native extension for WindowsStandalone target not found
Refreshing native plugins compatible for Editor in 94.82 ms, found 4 plugins.
Preloading 0 native plugins for Editor in 0.00 ms.
Mono: successfully reloaded assembly
- Completed reload, in  1.625 seconds
Domain Reload Profiling:
	ReloadAssembly (1626ms)
		BeginReloadAssembly (134ms)
			ExecutionOrderSort (0ms)
			DisableScriptedObjects (6ms)
			BackupInstance (0ms)
			ReleaseScriptingObjects (0ms)
			CreateAndSetChildDomain (21ms)
		EndReloadAssembly (1361ms)
			LoadAssemblies (246ms)
			RebuildTransferFunctionScriptingTraits (0ms)
			SetupTypeCache (264ms)
			ReleaseScriptCaches (1ms)
			RebuildScriptCaches (61ms)
			SetupLoadedEditorAssemblies (753ms)
				LogAssemblyErrors (0ms)
				InitializePlatformSupportModulesInManaged (5ms)
				SetLoadedEditorAssemblies (0ms)
				RefreshPlugins (95ms)
				BeforeProcessingInitializeOnLoad (105ms)
				ProcessInitializeOnLoadAttributes (492ms)
				ProcessInitializeOnLoadMethodAttributes (46ms)
				AfterProcessingInitializeOnLoad (10ms)
				EditorAssembliesLoaded (0ms)
			ExecutionOrderSort2 (0ms)
			AwakeInstancesAfterBackupRestoration (9ms)
Platform modules already initialized, skipping
========================================================================
Worker process is ready to serve import requests
Launched and connected shader compiler UnityShaderCompiler.exe after 0.05 seconds
Refreshing native plugins compatible for Editor in 0.76 ms, found 4 plugins.
Preloading 0 native plugins for Editor in 0.00 ms.
Unloading 3734 Unused Serialized files (Serialized files now loaded: 0)
Unloading 41 unused Assets / (228.9 KB). Loaded Objects now: 4187.
Memory consumption went from 142.6 MB to 142.3 MB.
Total: 12.127400 ms (FindLiveObjects: 0.386200 ms CreateObjectMapping: 0.242100 ms MarkObjects: 11.267400 ms  DeleteObjects: 0.215700 ms)

AssetImportParameters requested are different than current active one (requested -> active):
  custom:video-decoder-ogg-theora: a1e56fd34408186e4bbccfd4996cb3dc -> 
  custom:container-muxer-webm: aa71ff27fc2769a1b78a27578f13a17b -> 
  custom:container-demuxer-webm: 4f35f7cbe854078d1ac9338744f61a02 -> 
  custom:video-encoder-webm-vp8: eb34c28f22e8b96e1ab97ce403110664 -> 
  custom:video-codec-MediaFoundation-h265: 746d11721c4dcdbdad8f713fa42b33f4 -> 
  custom:audio-encoder-webm-vorbis: bf7c407c2cedff20999df2af8eb42d56 -> 
  custom:framework-win-MediaFoundation: 216162199b28c13a410421893ffa2e32 -> 
  custom:container-demuxer-ogg: 62fdf1f143b41e24485cea50d1cbac27 -> 
  custom:video-decoder-webm-vp8: 9c59270c3fd7afecdb556c50c9e8de78 -> 
  custom:audio-decoder-ogg-vorbis: bf7c407c2cedff20999df2af8eb42d56 -> 
========================================================================
Received Import Request.
  Time since last request: 23555.069156 seconds.
  path: Assets/materiais/Terrain (16x16) 1.png
  artifactKey: Guid(5ea3201dcf282524cb237bda805dd734) Importer(815301076,1909f56bfc062723c751e8b465ee728b)
Start importing Assets/materiais/Terrain (16x16) 1.png using Guid(5ea3201dcf282524cb237bda805dd734) Importer(815301076,1909f56bfc062723c751e8b465ee728b)  -> (artifact id: 'd394b933483a178eca736576f3da3b02') in 0.118447 seconds 
========================================================================
Received Import Request.
  Time since last request: 1.137925 seconds.
  path: Assets/materiais/Maze_simple.svg.png
  artifactKey: Guid(4eb59c47b87d64341b3943a97b4b9b41) Importer(815301076,1909f56bfc062723c751e8b465ee728b)
Start importing Assets/materiais/Maze_simple.svg.png using Guid(4eb59c47b87d64341b3943a97b4b9b41) Importer(815301076,1909f56bfc062723c751e8b465ee728b)  -> (artifact id: 'f3e870aec0c8e31fef42e5fe0f9dacca') in 0.026972 seconds 
========================================================================
Received Import Request.
  Time since last request: 9.232494 seconds.
  path: Assets/materiais/Terrain Sliced (16x16).png
  artifactKey: Guid(e5c190f879337fd4f8362075a8c08e82) Importer(815301076,1909f56bfc062723c751e8b465ee728b)
Start importing Assets/materiais/Terrain Sliced (16x16).png using Guid(e5c190f879337fd4f8362075a8c08e82) Importer(815301076,1909f56bfc062723c751e8b465ee728b)  -> (artifact id: '8099c8c86e4077234e8b78bd61c2bba3') in 0.019070 seconds 
========================================================================
Received Import Request.
  Time since last request: 36.393413 seconds.
  path: Assets/Terrain
  artifactKey: Guid(97e526b17725f9147b190bf6599b7bb8) Importer(815301076,1909f56bfc062723c751e8b465ee728b)
Start importing Assets/Terrain using Guid(97e526b17725f9147b190bf6599b7bb8) Importer(815301076,1909f56bfc062723c751e8b465ee728b)  -> (artifact id: '7c5efda7d85bb8b7092283ffbd36cd6d') in 0.007563 seconds 
========================================================================
Received Import Request.
  Time since last request: 0.042856 seconds.
  path: Assets/Terrain/Maze_simple.svg.png
  artifactKey: Guid(9b1dc408e573a944b9b2f44d4eb699f7) Importer(815301076,1909f56bfc062723c751e8b465ee728b)
Start importing Assets/Terrain/Maze_simple.svg.png using Guid(9b1dc408e573a944b9b2f44d4eb699f7) Importer(815301076,1909f56bfc062723c751e8b465ee728b)  -> (artifact id: '863b8a38b45c1d7c2b9de4af0d6b5030') in 0.018950 seconds 
========================================================================
Received Import Request.
  Time since last request: 0.000027 seconds.
  path: Assets/Terrain/Terrain (16x16)_10.asset
  artifactKey: Guid(b0501a10e8e6f9b478ba2bd58887ccc7) Importer(815301076,1909f56bfc062723c751e8b465ee728b)
Start importing Assets/Terrain/Terrain (16x16)_10.asset using Guid(b0501a10e8e6f9b478ba2bd58887ccc7) Importer(815301076,1909f56bfc062723c751e8b465ee728b)  -> (artifact id: '51f69f53413d7d835e5403e7d7e2a331') in 0.052563 seconds 
========================================================================
Received Import Request.
  Time since last request: 0.000021 seconds.
  path: Assets/Terrain/Terrain (16x16)_21.asset
  artifactKey: Guid(5dd946d08a5d68941b7bafc990e559f3) Importer(815301076,1909f56bfc062723c751e8b465ee728b)
Start importing Assets/Terrain/Terrain (16x16)_21.asset using Guid(5dd946d08a5d68941b7bafc990e559f3) Importer(815301076,1909f56bfc062723c751e8b465ee728b)  -> (artifact id: '20e1c6bbeec06cf3745ec2bc41dcae1e') in 0.012729 seconds 
========================================================================
Received Import Request.
  Time since last request: 0.000027 seconds.
  path: Assets/Terrain/Terrain (16x16)_43.asset
  artifactKey: Guid(61ad2733989a10d43a6be386cff24cfb) Importer(815301076,1909f56bfc062723c751e8b465ee728b)
Start importing Assets/Terrain/Terrain (16x16)_43.asset using Guid(61ad2733989a10d43a6be386cff24cfb) Importer(815301076,1909f56bfc062723c751e8b465ee728b)  -> (artifact id: '2f126b7db464c560068c6e1a3e36955b') in 0.014128 seconds 
========================================================================
Received Import Request.
  Time since last request: 0.000033 seconds.
  path: Assets/Terrain/Terrain (16x16)_40.asset
  artifactKey: Guid(61a4c9823dd6a9c41a843118f0dd284e) Importer(815301076,1909f56bfc062723c751e8b465ee728b)
Start importing Assets/Terrain/Terrain (16x16)_40.asset using Guid(61a4c9823dd6a9c41a843118f0dd284e) Importer(815301076,1909f56bfc062723c751e8b465ee728b)  -> (artifact id: '1e90da7d9cf86e6f24f1325d00854b9f') in 0.015091 seconds 
========================================================================
Received Import Request.
  Time since last request: 0.000027 seconds.
  path: Assets/Terrain/Terrain (16x16)_3.asset
  artifactKey: Guid(e834205ccd224144ca0b123a1e67b583) Importer(815301076,1909f56bfc062723c751e8b465ee728b)
Start importing Assets/Terrain/Terrain (16x16)_3.asset using Guid(e834205ccd224144ca0b123a1e67b583) Importer(815301076,1909f56bfc062723c751e8b465ee728b)  -> (artifact id: 'b550a88a8e9ba7b9dcbb80d3582a40db') in 0.015028 seconds 
========================================================================
Received Import Request.
  Time since last request: 0.000023 seconds.
  path: Assets/Terrain/Terrain (16x16)_20.asset
  artifactKey: Guid(811f0b4c16c4c8d49bb57c63f353c877) Importer(815301076,1909f56bfc062723c751e8b465ee728b)
Start importing Assets/Terrain/Terrain (16x16)_20.asset using Guid(811f0b4c16c4c8d49bb57c63f353c877) Importer(815301076,1909f56bfc062723c751e8b465ee728b)  -> (artifact id: 'bd2961ed5bcfc70d35b05a19567e7d5a') in 0.013563 seconds 
========================================================================
Received Import Request.
  Time since last request: 0.000059 seconds.
  path: Assets/Terrain/Terrain (16x16)_23.asset
  artifactKey: Guid(b6501fdb7a772334da04e82c26025915) Importer(815301076,1909f56bfc062723c751e8b465ee728b)
Start importing Assets/Terrain/Terrain (16x16)_23.asset using Guid(b6501fdb7a772334da04e82c26025915) Importer(815301076,1909f56bfc062723c751e8b465ee728b)  -> (artifact id: 'd930c31b938323e05380ec6821e3f887') in 0.015035 seconds 
========================================================================
Received Import Request.
  Time since last request: 0.000029 seconds.
  path: Assets/Terrain/Terrain (16x16)_13.asset
  artifactKey: Guid(3c8dc6a128d269e4c963ab371251cb54) Importer(815301076,1909f56bfc062723c751e8b465ee728b)
Start importing Assets/Terrain/Terrain (16x16)_13.asset using Guid(3c8dc6a128d269e4c963ab371251cb54) Importer(815301076,1909f56bfc062723c751e8b465ee728b)  -> (artifact id: '09f9543c4d44ac93356b1d31cf982fdc') in 0.015117 seconds 
========================================================================
Received Import Request.
  Time since last request: 0.000029 seconds.
  path: Assets/Terrain/Terrain (16x16)_28.asset
  artifactKey: Guid(e1783d4e5fa67a34a83bfd7904ac7485) Importer(815301076,1909f56bfc062723c751e8b465ee728b)
Start importing Assets/Terrain/Terrain (16x16)_28.asset using Guid(e1783d4e5fa67a34a83bfd7904ac7485) Importer(815301076,1909f56bfc062723c751e8b465ee728b)  -> (artifact id: '14e5acc73ba073effd5c620b865c16ff') in 0.016964 seconds 
========================================================================
Received Import Request.
  Time since last request: 0.000047 seconds.
  path: Assets/Terrain/Terrain (16x16)_41.asset
  artifactKey: Guid(d151fc47e1194644a859ff03a77d52a0) Importer(815301076,1909f56bfc062723c751e8b465ee728b)
Start importing Assets/Terrain/Terrain (16x16)_41.asset using Guid(d151fc47e1194644a859ff03a77d52a0) Importer(815301076,1909f56bfc062723c751e8b465ee728b)  -> (artifact id: 'a98b5053590ce8a3ffe270454b09b17b') in 0.016227 seconds 
========================================================================
Received Import Request.
  Time since last request: 0.000031 seconds.
  path: Assets/Terrain/Terrain (16x16)_7.asset
  artifactKey: Guid(a1780e64e32b5eb48a7a1d0b460f1a51) Importer(815301076,1909f56bfc062723c751e8b465ee728b)
Start importing Assets/Terrain/Terrain (16x16)_7.asset using Guid(a1780e64e32b5eb48a7a1d0b460f1a51) Importer(815301076,1909f56bfc062723c751e8b465ee728b)  -> (artifact id: '22f314c3dfae9b12faab557e31f9a0ff') in 0.014429 seconds 
========================================================================
Received Import Request.
  Time since last request: 0.000023 seconds.
  path: Assets/Terrain/Terrain (16x16)_9.asset
  artifactKey: Guid(b9e52c5b6f5b8b54b9bf827c9d0c3bf3) Importer(815301076,1909f56bfc062723c751e8b465ee728b)
Start importing Assets/Terrain/Terrain (16x16)_9.asset using Guid(b9e52c5b6f5b8b54b9bf827c9d0c3bf3) Importer(815301076,1909f56bfc062723c751e8b465ee728b)  -> (artifact id: '786293b2aad5b851390b6f081c3d5339') in 0.016963 seconds 
========================================================================
Received Import Request.
  Time since last request: 0.000021 seconds.
  path: Assets/Terrain/Terrain (16x16)_29.asset
  artifactKey: Guid(3350b2287801b0440b250ac132ed20d7) Importer(815301076,1909f56bfc062723c751e8b465ee728b)
Start importing Assets/Terrain/Terrain (16x16)_29.asset using Guid(3350b2287801b0440b250ac132ed20d7) Importer(815301076,1909f56bfc062723c751e8b465ee728b)  -> (artifact id: '555cbe8b23b4610af7a75304cf705261') in 0.015234 seconds 
========================================================================
Received Import Request.
  Time since last request: 0.000063 seconds.
  path: Assets/Terrain/Terrain (16x16)_16.asset
  artifactKey: Guid(0b730a8c561241043a79fc4433770261) Importer(815301076,1909f56bfc062723c751e8b465ee728b)
Start importing Assets/Terrain/Terrain (16x16)_16.asset using Guid(0b730a8c561241043a79fc4433770261) Importer(815301076,1909f56bfc062723c751e8b465ee728b)  -> (artifact id: 'e34ed6a491ff0787f53f16a788976512') in 0.015348 seconds 
========================================================================
Received Import Request.
  Time since last request: 0.000084 seconds.
  path: Assets/Terrain/Terrain (16x16)_45.asset
  artifactKey: Guid(79fc5163f017bc740a62a18173767ad9) Importer(815301076,1909f56bfc062723c751e8b465ee728b)
Start importing Assets/Terrain/Terrain (16x16)_45.asset using Guid(79fc5163f017bc740a62a18173767ad9) Importer(815301076,1909f56bfc062723c751e8b465ee728b)  -> (artifact id: '44c2dbd47e164a9ff3cb6a5dc0fcfb6f') in 0.014412 seconds 
========================================================================
Received Import Request.
  Time since last request: 0.000026 seconds.
  path: Assets/Terrain/Terrain (16x16)_4.asset
  artifactKey: Guid(4916086f38f5fd94da9f3b8bd4ae68c2) Importer(815301076,1909f56bfc062723c751e8b465ee728b)
Start importing Assets/Terrain/Terrain (16x16)_4.asset using Guid(4916086f38f5fd94da9f3b8bd4ae68c2) Importer(815301076,1909f56bfc062723c751e8b465ee728b)  -> (artifact id: 'f81698065ce3cb69c7ef664a7abe9f90') in 0.014599 seconds 
========================================================================
Received Import Request.
  Time since last request: 0.000023 seconds.
  path: Assets/Terrain/Terrain (16x16) 1.png
  artifactKey: Guid(413986c4a668c374d8de72a47621b531) Importer(815301076,1909f56bfc062723c751e8b465ee728b)
Start importing Assets/Terrain/Terrain (16x16) 1.png using Guid(413986c4a668c374d8de72a47621b531) Importer(815301076,1909f56bfc062723c751e8b465ee728b)  -> (artifact id: '893edd667d08349bc37ee5496de43f0b') in 0.024992 seconds 
========================================================================
Received Import Request.
  Time since last request: 0.000023 seconds.
  path: Assets/Terrain/Terrain (16x16)_31.asset
  artifactKey: Guid(b969e3ab11a63b04a8f1fdfa788d44b1) Importer(815301076,1909f56bfc062723c751e8b465ee728b)
Start importing Assets/Terrain/Terrain (16x16)_31.asset using Guid(b969e3ab11a63b04a8f1fdfa788d44b1) Importer(815301076,1909f56bfc062723c751e8b465ee728b)  -> (artifact id: 'b79d6e5620318f9e83023c946e0ef5ec') in 0.018019 seconds 
========================================================================
Received Import Request.
  Time since last request: 0.000025 seconds.
  path: Assets/Terrain/Terrain (16x16)_19.asset
  artifactKey: Guid(f21b8bb678f017f48829e0dcc25ef188) Importer(815301076,1909f56bfc062723c751e8b465ee728b)
Start importing Assets/Terrain/Terrain (16x16)_19.asset using Guid(f21b8bb678f017f48829e0dcc25ef188) Importer(815301076,1909f56bfc062723c751e8b465ee728b)  -> (artifact id: 'dbd6a23afd589a63e280e84cc6ea2987') in 0.018455 seconds 
========================================================================
Received Import Request.
  Time since last request: 0.000049 seconds.
  path: Assets/Terrain/Terrain (16x16)_27.asset
  artifactKey: Guid(778f586c9c26870458fe26a476c12375) Importer(815301076,1909f56bfc062723c751e8b465ee728b)
Start importing Assets/Terrain/Terrain (16x16)_27.asset using Guid(778f586c9c26870458fe26a476c12375) Importer(815301076,1909f56bfc062723c751e8b465ee728b)  -> (artifact id: '8783d088ea34045fabe4cdfa4d8ec5bf') in 0.020593 seconds 
========================================================================
Received Import Request.
  Time since last request: 0.000033 seconds.
  path: Assets/Terrain/Terrain (16x16)_39.asset
  artifactKey: Guid(8ce8064bf41637d418b762a13b5c19e8) Importer(815301076,1909f56bfc062723c751e8b465ee728b)
Start importing Assets/Terrain/Terrain (16x16)_39.asset using Guid(8ce8064bf41637d418b762a13b5c19e8) Importer(815301076,1909f56bfc062723c751e8b465ee728b)  -> (artifact id: '66d308122d9238f875a725922a38a796') in 0.017423 seconds 
========================================================================
Received Import Request.
  Time since last request: 0.000025 seconds.
  path: Assets/Terrain/Terrain (16x16)_12.asset
  artifactKey: Guid(60b2d29de8bb47a40be92b81c3e71d02) Importer(815301076,1909f56bfc062723c751e8b465ee728b)
Start importing Assets/Terrain/Terrain (16x16)_12.asset using Guid(60b2d29de8bb47a40be92b81c3e71d02) Importer(815301076,1909f56bfc062723c751e8b465ee728b)  -> (artifact id: '87340c53b7fcf005579a6d7e27cb5560') in 0.017971 seconds 
========================================================================
Received Import Request.
  Time since last request: 0.000034 seconds.
  path: Assets/Terrain/Terrain (16x16)_33.asset
  artifactKey: Guid(eb70c774d397ae042b17b23d79e3d5b3) Importer(815301076,1909f56bfc062723c751e8b465ee728b)
Start importing Assets/Terrain/Terrain (16x16)_33.asset using Guid(eb70c774d397ae042b17b23d79e3d5b3) Importer(815301076,1909f56bfc062723c751e8b465ee728b)  -> (artifact id: '98e425302b3dcc704eb0574346346f68') in 0.019808 seconds 
========================================================================
Received Import Request.
  Time since last request: 0.000041 seconds.
  path: Assets/Terrain/Terrain (16x16)_44.asset
  artifactKey: Guid(0a12bf70ffe94fe449ef54387870f930) Importer(815301076,1909f56bfc062723c751e8b465ee728b)
Start importing Assets/Terrain/Terrain (16x16)_44.asset using Guid(0a12bf70ffe94fe449ef54387870f930) Importer(815301076,1909f56bfc062723c751e8b465ee728b)  -> (artifact id: '951262c75070ca67258d392994aa8890') in 0.015038 seconds 
========================================================================
Received Import Request.
  Time since last request: 0.000035 seconds.
  path: Assets/Terrain/Terrain (16x16)_8.asset
  artifactKey: Guid(0ed4a915e404fb14da8964783a5d703b) Importer(815301076,1909f56bfc062723c751e8b465ee728b)
Start importing Assets/Terrain/Terrain (16x16)_8.asset using Guid(0ed4a915e404fb14da8964783a5d703b) Importer(815301076,1909f56bfc062723c751e8b465ee728b)  -> (artifact id: '52385299ba43b7e42975415bbdbffe2f') in 0.017973 seconds 
========================================================================
Received Import Request.
  Time since last request: 0.000039 seconds.
  path: Assets/Terrain/Terrain (16x16)_5.asset
  artifactKey: Guid(4fdc63255801d9b4fb9a925a07a8ad36) Importer(815301076,1909f56bfc062723c751e8b465ee728b)
Start importing Assets/Terrain/Terrain (16x16)_5.asset using Guid(4fdc63255801d9b4fb9a925a07a8ad36) Importer(815301076,1909f56bfc062723c751e8b465ee728b)  -> (artifact id: '4fcabc30f4d0c65c6b05a6373f00f0b1') in 0.021229 seconds 
========================================================================
Received Import Request.
  Time since last request: 0.000030 seconds.
  path: Assets/Terrain/Terrain (16x16)_18.asset
  artifactKey: Guid(bcdfbf87ddc6814408da144de925e15c) Importer(815301076,1909f56bfc062723c751e8b465ee728b)
Start importing Assets/Terrain/Terrain (16x16)_18.asset using Guid(bcdfbf87ddc6814408da144de925e15c) Importer(815301076,1909f56bfc062723c751e8b465ee728b)  -> (artifact id: 'b81d7b6887fbd5ef3b35c2ad672318b9') in 0.018458 seconds 
========================================================================
Received Import Request.
  Time since last request: 0.000023 seconds.
  path: Assets/Terrain/Terrain (16x16)_17.asset
  artifactKey: Guid(821c9d23290f14a4b9810b9faa07e56c) Importer(815301076,1909f56bfc062723c751e8b465ee728b)
Start importing Assets/Terrain/Terrain (16x16)_17.asset using Guid(821c9d23290f14a4b9810b9faa07e56c) Importer(815301076,1909f56bfc062723c751e8b465ee728b)  -> (artifact id: '4ae74080b1d127df48103e736382a92b') in 0.013742 seconds 
Editor requested this worker to shutdown with reason: Scaling down because of idle timeout
AssetImportWorker is now disconnected from the server
Process exiting
Exiting without the bug reporter. Application will terminate with return code 0