Using pre-set license
Built from '2021.3/staging' branch; Version is '2021.3.20f1 (577897200b8b) revision 5732503'; Using compiler version '192829333'; Build Type 'Release'
OS: 'Windows 10  (10.0.19044) 64bit Core' Language: 'pt' Physical Memory: 16191 MB
BatchMode: 1, IsHumanControllingUs: 0, StartBugReporterOnCrash: 0, Is64bit: 1, IsPro: 1

COMMAND LINE ARGUMENTS:
C:\Program Files\Unity\Hub\Editor\2021.3.20f1\Editor\Unity.exe
-adb2
-batchMode
-noUpm
-name
AssetImportWorker1
-projectPath
C:/Users/fabio/Documents/GitHub/LabirintoNPI/Labirinto
-logFile
Logs/AssetImportWorker1.log
-srvPort
55744
Successfully changed project path to: C:/Users/fabio/Documents/GitHub/LabirintoNPI/Labirinto
C:/Users/fabio/Documents/GitHub/LabirintoNPI/Labirinto
[UnityMemory] Configuration Parameters - Can be set up in boot.config
    "memorysetup-bucket-allocator-granularity=16"
    "memorysetup-bucket-allocator-bucket-count=8"
    "memorysetup-bucket-allocator-block-size=33554432"
    "memorysetup-bucket-allocator-block-count=8"
    "memorysetup-main-allocator-block-size=16777216"
    "memorysetup-thread-allocator-block-size=16777216"
    "memorysetup-gfx-main-allocator-block-size=16777216"
    "memorysetup-gfx-thread-allocator-block-size=16777216"
    "memorysetup-cache-allocator-block-size=4194304"
    "memorysetup-typetree-allocator-block-size=2097152"
    "memorysetup-profiler-bucket-allocator-granularity=16"
    "memorysetup-profiler-bucket-allocator-bucket-count=8"
    "memorysetup-profiler-bucket-allocator-block-size=33554432"
    "memorysetup-profiler-bucket-allocator-block-count=8"
    "memorysetup-profiler-allocator-block-size=16777216"
    "memorysetup-profiler-editor-allocator-block-size=1048576"
    "memorysetup-temp-allocator-size-main=16777216"
    "memorysetup-job-temp-allocator-block-size=2097152"
    "memorysetup-job-temp-allocator-block-size-background=1048576"
    "memorysetup-job-temp-allocator-reduction-small-platforms=262144"
    "memorysetup-temp-allocator-size-background-worker=32768"
    "memorysetup-temp-allocator-size-job-worker=262144"
    "memorysetup-temp-allocator-size-preload-manager=33554432"
    "memorysetup-temp-allocator-size-nav-mesh-worker=65536"
    "memorysetup-temp-allocator-size-audio-worker=65536"
    "memorysetup-temp-allocator-size-cloud-worker=32768"
    "memorysetup-temp-allocator-size-gi-baking-worker=262144"
    "memorysetup-temp-allocator-size-gfx=262144"
Player connection [19572] Host "[IP] 192.168.0.13 [Port] 0 [Flags] 2 [Guid] 1412269847 [EditorId] 1412269847 [Version] 1048832 [Id] WindowsEditor(7,LAPTOP-2JFAGL49) [Debug] 1 [PackageName] WindowsEditor [ProjectName] Editor" joined multi-casting on [225.0.0.222:54997]...

Player connection [19572] Host "[IP] 192.168.0.13 [Port] 0 [Flags] 2 [Guid] 1412269847 [EditorId] 1412269847 [Version] 1048832 [Id] WindowsEditor(7,LAPTOP-2JFAGL49) [Debug] 1 [PackageName] WindowsEditor [ProjectName] Editor" joined alternative multi-casting on [225.0.0.222:34997]...

Refreshing native plugins compatible for Editor in 181.29 ms, found 4 plugins.
Preloading 0 native plugins for Editor in 0.00 ms.
Initialize engine version: 2021.3.20f1 (577897200b8b)
[Subsystems] Discovering subsystems at path C:/Program Files/Unity/Hub/Editor/2021.3.20f1/Editor/Data/Resources/UnitySubsystems
[Subsystems] Discovering subsystems at path C:/Users/fabio/Documents/GitHub/LabirintoNPI/Labirinto/Assets
GfxDevice: creating device client; threaded=0; jobified=0
Direct3D:
    Version:  Direct3D 11.0 [level 11.1]
    Renderer: NVIDIA GeForce GTX 1050 Ti (ID=0x1c8c)
    Vendor:   NVIDIA
    VRAM:     4017 MB
    Driver:   31.0.15.2756
Initialize mono
Mono path[0] = 'C:/Program Files/Unity/Hub/Editor/2021.3.20f1/Editor/Data/Managed'
Mono path[1] = 'C:/Program Files/Unity/Hub/Editor/2021.3.20f1/Editor/Data/MonoBleedingEdge/lib/mono/unityjit-win32'
Mono config path = 'C:/Program Files/Unity/Hub/Editor/2021.3.20f1/Editor/Data/MonoBleedingEdge/etc'
Using monoOptions --debugger-agent=transport=dt_socket,embedding=1,server=y,suspend=n,address=127.0.0.1:56876
Begin MonoManager ReloadAssembly
Registering precompiled unity dll's ...
Register platform support module: C:/Program Files/Unity/Hub/Editor/2021.3.20f1/Editor/Data/PlaybackEngines/WindowsStandaloneSupport/UnityEditor.WindowsStandalone.Extensions.dll
Registered in 0.010702 seconds.
Native extension for WindowsStandalone target not found
Refreshing native plugins compatible for Editor in 95.13 ms, found 4 plugins.
Preloading 0 native plugins for Editor in 0.00 ms.
Mono: successfully reloaded assembly
- Completed reload, in  0.747 seconds
Domain Reload Profiling:
	ReloadAssembly (748ms)
		BeginReloadAssembly (125ms)
			ExecutionOrderSort (0ms)
			DisableScriptedObjects (0ms)
			BackupInstance (0ms)
			ReleaseScriptingObjects (0ms)
			CreateAndSetChildDomain (1ms)
		EndReloadAssembly (513ms)
			LoadAssemblies (122ms)
			RebuildTransferFunctionScriptingTraits (0ms)
			SetupTypeCache (113ms)
			ReleaseScriptCaches (0ms)
			RebuildScriptCaches (30ms)
			SetupLoadedEditorAssemblies (313ms)
				LogAssemblyErrors (0ms)
				InitializePlatformSupportModulesInManaged (9ms)
				SetLoadedEditorAssemblies (0ms)
				RefreshPlugins (95ms)
				BeforeProcessingInitializeOnLoad (1ms)
				ProcessInitializeOnLoadAttributes (149ms)
				ProcessInitializeOnLoadMethodAttributes (58ms)
				AfterProcessingInitializeOnLoad (0ms)
				EditorAssembliesLoaded (0ms)
			ExecutionOrderSort2 (0ms)
			AwakeInstancesAfterBackupRestoration (0ms)
Platform modules already initialized, skipping
Registering precompiled user dll's ...
Registered in 0.017108 seconds.
Begin MonoManager ReloadAssembly
Symbol file LoadedFromMemory doesn't match image C:\Users\fabio\Documents\GitHub\LabirintoNPI\Labirinto\Library\PackageCache\com.unity.visualscripting@1.8.0\Editor\VisualScripting.Core\Dependencies\YamlDotNet\Unity.VisualScripting.YamlDotNet.dll
Symbol file LoadedFromMemory doesn't match image C:\Users\fabio\Documents\GitHub\LabirintoNPI\Labirinto\Library\PackageCache\com.unity.visualscripting@1.8.0\Editor\VisualScripting.Core\Dependencies\DotNetZip\Unity.VisualScripting.IonicZip.dll
Native extension for WindowsStandalone target not found
Refreshing native plugins compatible for Editor in 97.19 ms, found 4 plugins.
Preloading 0 native plugins for Editor in 0.00 ms.
Mono: successfully reloaded assembly
- Completed reload, in  1.524 seconds
Domain Reload Profiling:
	ReloadAssembly (1525ms)
		BeginReloadAssembly (137ms)
			ExecutionOrderSort (0ms)
			DisableScriptedObjects (6ms)
			BackupInstance (0ms)
			ReleaseScriptingObjects (0ms)
			CreateAndSetChildDomain (22ms)
		EndReloadAssembly (1266ms)
			LoadAssemblies (162ms)
			RebuildTransferFunctionScriptingTraits (0ms)
			SetupTypeCache (251ms)
			ReleaseScriptCaches (1ms)
			RebuildScriptCaches (65ms)
			SetupLoadedEditorAssemblies (742ms)
				LogAssemblyErrors (0ms)
				InitializePlatformSupportModulesInManaged (5ms)
				SetLoadedEditorAssemblies (0ms)
				RefreshPlugins (97ms)
				BeforeProcessingInitializeOnLoad (105ms)
				ProcessInitializeOnLoadAttributes (483ms)
				ProcessInitializeOnLoadMethodAttributes (39ms)
				AfterProcessingInitializeOnLoad (11ms)
				EditorAssembliesLoaded (0ms)
			ExecutionOrderSort2 (0ms)
			AwakeInstancesAfterBackupRestoration (9ms)
Platform modules already initialized, skipping
========================================================================
Worker process is ready to serve import requests
Launched and connected shader compiler UnityShaderCompiler.exe after 0.05 seconds
Refreshing native plugins compatible for Editor in 0.70 ms, found 4 plugins.
Preloading 0 native plugins for Editor in 0.00 ms.
Unloading 3734 Unused Serialized files (Serialized files now loaded: 0)
Unloading 41 unused Assets / (228.9 KB). Loaded Objects now: 4187.
Memory consumption went from 142.6 MB to 142.3 MB.
Total: 4.581900 ms (FindLiveObjects: 0.345900 ms CreateObjectMapping: 0.345800 ms MarkObjects: 3.718500 ms  DeleteObjects: 0.170700 ms)

AssetImportParameters requested are different than current active one (requested -> active):
  custom:video-decoder-ogg-theora: a1e56fd34408186e4bbccfd4996cb3dc -> 
  custom:container-muxer-webm: aa71ff27fc2769a1b78a27578f13a17b -> 
  custom:container-demuxer-webm: 4f35f7cbe854078d1ac9338744f61a02 -> 
  custom:video-encoder-webm-vp8: eb34c28f22e8b96e1ab97ce403110664 -> 
  custom:video-codec-MediaFoundation-h265: 746d11721c4dcdbdad8f713fa42b33f4 -> 
  custom:audio-encoder-webm-vorbis: bf7c407c2cedff20999df2af8eb42d56 -> 
  custom:framework-win-MediaFoundation: 216162199b28c13a410421893ffa2e32 -> 
  custom:container-demuxer-ogg: 62fdf1f143b41e24485cea50d1cbac27 -> 
  custom:video-decoder-webm-vp8: 9c59270c3fd7afecdb556c50c9e8de78 -> 
  custom:audio-decoder-ogg-vorbis: bf7c407c2cedff20999df2af8eb42d56 -> 
========================================================================
Received Import Request.
  Time since last request: 23531.050871 seconds.
  path: Assets/materiais
  artifactKey: Guid(c48ed655142fbe8418be86db75f73568) Importer(815301076,1909f56bfc062723c751e8b465ee728b)
Start importing Assets/materiais using Guid(c48ed655142fbe8418be86db75f73568) Importer(815301076,1909f56bfc062723c751e8b465ee728b)  -> (artifact id: 'e1342cef19e8f660afb6037be4ace6f8') in 0.013555 seconds 
========================================================================
Received Import Request.
  Time since last request: 71.003940 seconds.
  path: Assets/Terrain/New Palette.prefab
  artifactKey: Guid(0c3786ee5b889644ea09b8e3566f8eb0) Importer(815301076,1909f56bfc062723c751e8b465ee728b)
Start importing Assets/Terrain/New Palette.prefab using Guid(0c3786ee5b889644ea09b8e3566f8eb0) Importer(815301076,1909f56bfc062723c751e8b465ee728b)  -> (artifact id: '0c784fb9710b1467c863bff9d9473326') in 0.257925 seconds 
========================================================================
Received Import Request.
  Time since last request: 0.000025 seconds.
  path: Assets/Terrain/Terrain (16x16)_15.asset
  artifactKey: Guid(93e837f2c9abc214a9a5363f8fd95a56) Importer(815301076,1909f56bfc062723c751e8b465ee728b)
Start importing Assets/Terrain/Terrain (16x16)_15.asset using Guid(93e837f2c9abc214a9a5363f8fd95a56) Importer(815301076,1909f56bfc062723c751e8b465ee728b)  -> (artifact id: 'e73aed67e42de08c48ab8f2c29369150') in 0.023645 seconds 
========================================================================
Received Import Request.
  Time since last request: 0.000028 seconds.
  path: Assets/Terrain/Terrain (16x16)_30.asset
  artifactKey: Guid(403c1b3c5f55bca409559194b4923ee1) Importer(815301076,1909f56bfc062723c751e8b465ee728b)
Start importing Assets/Terrain/Terrain (16x16)_30.asset using Guid(403c1b3c5f55bca409559194b4923ee1) Importer(815301076,1909f56bfc062723c751e8b465ee728b)  -> (artifact id: '4a186bf26d9896efb831f1ecbdb9b980') in 0.019663 seconds 
========================================================================
Received Import Request.
  Time since last request: 0.000018 seconds.
  path: Assets/Terrain/Terrain (16x16)_34.asset
  artifactKey: Guid(d54605660bd4eb14ea89ed1db40a879f) Importer(815301076,1909f56bfc062723c751e8b465ee728b)
Start importing Assets/Terrain/Terrain (16x16)_34.asset using Guid(d54605660bd4eb14ea89ed1db40a879f) Importer(815301076,1909f56bfc062723c751e8b465ee728b)  -> (artifact id: 'd0456498956dec5bd1b88cb868290e8e') in 0.016021 seconds 
========================================================================
Received Import Request.
  Time since last request: 0.000028 seconds.
  path: Assets/Terrain/Terrain (16x16)_38.asset
  artifactKey: Guid(b4f30ee6ba594a64484525dcada16ebf) Importer(815301076,1909f56bfc062723c751e8b465ee728b)
Start importing Assets/Terrain/Terrain (16x16)_38.asset using Guid(b4f30ee6ba594a64484525dcada16ebf) Importer(815301076,1909f56bfc062723c751e8b465ee728b)  -> (artifact id: 'b8dcfd122e6e852eaf1dc70294f9a10f') in 0.015655 seconds 
========================================================================
Received Import Request.
  Time since last request: 0.000028 seconds.
  path: Assets/Terrain/Terrain (16x16)_2.asset
  artifactKey: Guid(abe59e1bc4dddd8438927c29aec5112f) Importer(815301076,1909f56bfc062723c751e8b465ee728b)
Start importing Assets/Terrain/Terrain (16x16)_2.asset using Guid(abe59e1bc4dddd8438927c29aec5112f) Importer(815301076,1909f56bfc062723c751e8b465ee728b)  -> (artifact id: 'c7fb0f521f385ed51d05ac50fd5d76d2') in 0.015549 seconds 
========================================================================
Received Import Request.
  Time since last request: 0.000020 seconds.
  path: Assets/Terrain/Terrain (16x16)_0.asset
  artifactKey: Guid(ee4ba9b1e94c29c4c9eb1f9b44de1bee) Importer(815301076,1909f56bfc062723c751e8b465ee728b)
Start importing Assets/Terrain/Terrain (16x16)_0.asset using Guid(ee4ba9b1e94c29c4c9eb1f9b44de1bee) Importer(815301076,1909f56bfc062723c751e8b465ee728b)  -> (artifact id: '03b6da598915396e7545a4f7d9f4204a') in 0.014992 seconds 
========================================================================
Received Import Request.
  Time since last request: 0.000021 seconds.
  path: Assets/Terrain/Terrain (16x16)_14.asset
  artifactKey: Guid(62a40d42ac8d9084ab401c1a3f718bdc) Importer(815301076,1909f56bfc062723c751e8b465ee728b)
Start importing Assets/Terrain/Terrain (16x16)_14.asset using Guid(62a40d42ac8d9084ab401c1a3f718bdc) Importer(815301076,1909f56bfc062723c751e8b465ee728b)  -> (artifact id: '290962399c1f942812fdfc640f99d73b') in 0.013217 seconds 
========================================================================
Received Import Request.
  Time since last request: 0.000027 seconds.
  path: Assets/Terrain/Terrain (16x16)_22.asset
  artifactKey: Guid(967834c52af717d4d910d1d956d86248) Importer(815301076,1909f56bfc062723c751e8b465ee728b)
Start importing Assets/Terrain/Terrain (16x16)_22.asset using Guid(967834c52af717d4d910d1d956d86248) Importer(815301076,1909f56bfc062723c751e8b465ee728b)  -> (artifact id: 'd227b4f9ffd9fcfd5ff931c14cb9c4a2') in 0.017055 seconds 
========================================================================
Received Import Request.
  Time since last request: 0.000032 seconds.
  path: Assets/Terrain/Terrain (16x16)_11.asset
  artifactKey: Guid(e1c97c2d5d6100b45b9c93ce97eea00d) Importer(815301076,1909f56bfc062723c751e8b465ee728b)
Start importing Assets/Terrain/Terrain (16x16)_11.asset using Guid(e1c97c2d5d6100b45b9c93ce97eea00d) Importer(815301076,1909f56bfc062723c751e8b465ee728b)  -> (artifact id: '602c71b7f802b32282200d7082e65a2b') in 0.015941 seconds 
========================================================================
Received Import Request.
  Time since last request: 0.000034 seconds.
  path: Assets/Terrain/Terrain (16x16)_26.asset
  artifactKey: Guid(bdac9e57f8211d34f801175511175ff2) Importer(815301076,1909f56bfc062723c751e8b465ee728b)
Start importing Assets/Terrain/Terrain (16x16)_26.asset using Guid(bdac9e57f8211d34f801175511175ff2) Importer(815301076,1909f56bfc062723c751e8b465ee728b)  -> (artifact id: '471ff3f2e3753622141162d1df596eb9') in 0.016161 seconds 
========================================================================
Received Import Request.
  Time since last request: 0.000078 seconds.
  path: Assets/Terrain/Terrain (16x16)_35.asset
  artifactKey: Guid(0ec8d0a7840ca4544a8cafc98a0e689d) Importer(815301076,1909f56bfc062723c751e8b465ee728b)
Start importing Assets/Terrain/Terrain (16x16)_35.asset using Guid(0ec8d0a7840ca4544a8cafc98a0e689d) Importer(815301076,1909f56bfc062723c751e8b465ee728b)  -> (artifact id: '7065044fee5ef761d1c0c9eb19747d83') in 0.015897 seconds 
========================================================================
Received Import Request.
  Time since last request: 0.000036 seconds.
  path: Assets/Terrain/Terrain (16x16)_32.asset
  artifactKey: Guid(8e2dd3cb8cfa31944b010ffa66554fe8) Importer(815301076,1909f56bfc062723c751e8b465ee728b)
Start importing Assets/Terrain/Terrain (16x16)_32.asset using Guid(8e2dd3cb8cfa31944b010ffa66554fe8) Importer(815301076,1909f56bfc062723c751e8b465ee728b)  -> (artifact id: '15d3080f20e9090727ab340f440018ef') in 0.015446 seconds 
========================================================================
Received Import Request.
  Time since last request: 0.000028 seconds.
  path: Assets/Terrain/Terrain (16x16)_42.asset
  artifactKey: Guid(66bc6949dd5e87b418f1417d9614f8f9) Importer(815301076,1909f56bfc062723c751e8b465ee728b)
Start importing Assets/Terrain/Terrain (16x16)_42.asset using Guid(66bc6949dd5e87b418f1417d9614f8f9) Importer(815301076,1909f56bfc062723c751e8b465ee728b)  -> (artifact id: '8cc52772704cf88976a2311c20dc6ebc') in 0.019256 seconds 
========================================================================
Received Import Request.
  Time since last request: 0.000068 seconds.
  path: Assets/Terrain/Terrain (16x16)_37.asset
  artifactKey: Guid(ac914432798ff6d4b86960b6c453cdaa) Importer(815301076,1909f56bfc062723c751e8b465ee728b)
Start importing Assets/Terrain/Terrain (16x16)_37.asset using Guid(ac914432798ff6d4b86960b6c453cdaa) Importer(815301076,1909f56bfc062723c751e8b465ee728b)  -> (artifact id: '915ebb25b7c6238c6d7bca8f30bb333a') in 0.014623 seconds 
========================================================================
Received Import Request.
  Time since last request: 0.000021 seconds.
  path: Assets/Terrain/Terrain (16x16)_36.asset
  artifactKey: Guid(7254a9e5d8e3ef2458a300f8ade6be41) Importer(815301076,1909f56bfc062723c751e8b465ee728b)
Start importing Assets/Terrain/Terrain (16x16)_36.asset using Guid(7254a9e5d8e3ef2458a300f8ade6be41) Importer(815301076,1909f56bfc062723c751e8b465ee728b)  -> (artifact id: '8b7b93534f37c16c26c9b47635f80b9e') in 0.015936 seconds 
========================================================================
Received Import Request.
  Time since last request: 0.000020 seconds.
  path: Assets/Terrain/Terrain (16x16)_1.asset
  artifactKey: Guid(7024283d0f9637b4ea4341399daf1854) Importer(815301076,1909f56bfc062723c751e8b465ee728b)
Start importing Assets/Terrain/Terrain (16x16)_1.asset using Guid(7024283d0f9637b4ea4341399daf1854) Importer(815301076,1909f56bfc062723c751e8b465ee728b)  -> (artifact id: 'dca9776684016dc938e794ce5f6546dc') in 0.019350 seconds 
========================================================================
Received Import Request.
  Time since last request: 0.000028 seconds.
  path: Assets/Terrain/Terrain (16x16)_25.asset
  artifactKey: Guid(7dad1f88597af13429a02ed0d2b2005e) Importer(815301076,1909f56bfc062723c751e8b465ee728b)
Start importing Assets/Terrain/Terrain (16x16)_25.asset using Guid(7dad1f88597af13429a02ed0d2b2005e) Importer(815301076,1909f56bfc062723c751e8b465ee728b)  -> (artifact id: 'c041b422546e61705986ae5f904f9a58') in 0.022452 seconds 
========================================================================
Received Import Request.
  Time since last request: 0.000022 seconds.
  path: Assets/Terrain/Terrain (16x16)_24.asset
  artifactKey: Guid(84d773f5ef1dd43459a1f2a43a8ff7f4) Importer(815301076,1909f56bfc062723c751e8b465ee728b)
Start importing Assets/Terrain/Terrain (16x16)_24.asset using Guid(84d773f5ef1dd43459a1f2a43a8ff7f4) Importer(815301076,1909f56bfc062723c751e8b465ee728b)  -> (artifact id: '1f44f53c283268058f42636d2c1a299e') in 0.020310 seconds 
========================================================================
Received Import Request.
  Time since last request: 0.000019 seconds.
  path: Assets/Terrain/Terrain (16x16)_6.asset
  artifactKey: Guid(33cf6ddefc2038b40a292aa9d841c3e7) Importer(815301076,1909f56bfc062723c751e8b465ee728b)
Start importing Assets/Terrain/Terrain (16x16)_6.asset using Guid(33cf6ddefc2038b40a292aa9d841c3e7) Importer(815301076,1909f56bfc062723c751e8b465ee728b)  -> (artifact id: '364c9ddca2e6b7292dc6c8aeaba4afad') in 0.016816 seconds 
========================================================================
Received Import Request.
  Time since last request: 1205.638797 seconds.
  path: Assets/Main Characters/Desappearing (96x96).png
  artifactKey: Guid(99e1beacf34e67c42afd2d344aefcc3c) Importer(815301076,1909f56bfc062723c751e8b465ee728b)
Start importing Assets/Main Characters/Desappearing (96x96).png using Guid(99e1beacf34e67c42afd2d344aefcc3c) Importer(815301076,1909f56bfc062723c751e8b465ee728b)  -> (artifact id: '7614cd4e59ccb29b896e82abfea5aed5') in 0.063377 seconds 
========================================================================
Received Import Request.
  Time since last request: 1.427005 seconds.
  path: Assets/Main Characters/Mask Dude/Fall (32x32).png
  artifactKey: Guid(88794fc5febd16e40a94cacbf542b65b) Importer(815301076,1909f56bfc062723c751e8b465ee728b)
Start importing Assets/Main Characters/Mask Dude/Fall (32x32).png using Guid(88794fc5febd16e40a94cacbf542b65b) Importer(815301076,1909f56bfc062723c751e8b465ee728b)  -> (artifact id: 'a9975d19eecb004be8fdf95fda6ce79a') in 0.025409 seconds 
========================================================================
Received Import Request.
  Time since last request: 0.000053 seconds.
  path: Assets/Main Characters/Mask Dude/Idle (32x32).png
  artifactKey: Guid(3750f45c844123341b9a777a96cb1eca) Importer(815301076,1909f56bfc062723c751e8b465ee728b)
Start importing Assets/Main Characters/Mask Dude/Idle (32x32).png using Guid(3750f45c844123341b9a777a96cb1eca) Importer(815301076,1909f56bfc062723c751e8b465ee728b)  -> (artifact id: 'ac417f5a3035a3b0167829b5718b3adf') in 0.082487 seconds 
========================================================================
Received Import Request.
  Time since last request: 0.000054 seconds.
  path: Assets/Main Characters/Mask Dude/Run (32x32).png
  artifactKey: Guid(97d5ce53f3ac76e4888319c6a53c7ff3) Importer(815301076,1909f56bfc062723c751e8b465ee728b)
Start importing Assets/Main Characters/Mask Dude/Run (32x32).png using Guid(97d5ce53f3ac76e4888319c6a53c7ff3) Importer(815301076,1909f56bfc062723c751e8b465ee728b)  -> (artifact id: '3442b0b717665246bbe616b9810015d1') in 0.050813 seconds 
========================================================================
Received Import Request.
  Time since last request: 12.446202 seconds.
  path: Assets/Main Characters/Ninja Frog/Fall (32x32).png
  artifactKey: Guid(b6d14bcb8d9dbb349beb9d3619096732) Importer(815301076,1909f56bfc062723c751e8b465ee728b)
Start importing Assets/Main Characters/Ninja Frog/Fall (32x32).png using Guid(b6d14bcb8d9dbb349beb9d3619096732) Importer(815301076,1909f56bfc062723c751e8b465ee728b)  -> (artifact id: '3d3bab44388d681fc4828ee6d146233a') in 0.020556 seconds 
========================================================================
Received Import Request.
  Time since last request: 0.000198 seconds.
  path: Assets/Main Characters/Ninja Frog/Run (32x32).png
  artifactKey: Guid(e362bc6a7c79fce4db16d145d43a5550) Importer(815301076,1909f56bfc062723c751e8b465ee728b)
Start importing Assets/Main Characters/Ninja Frog/Run (32x32).png using Guid(e362bc6a7c79fce4db16d145d43a5550) Importer(815301076,1909f56bfc062723c751e8b465ee728b)  -> (artifact id: 'c49c1e2d38cd1bd2904e00a2a4ef4ef3') in 0.046930 seconds 
========================================================================
Received Import Request.
  Time since last request: 0.000041 seconds.
  path: Assets/Main Characters/Ninja Frog/Idle (32x32).png
  artifactKey: Guid(cd947491a13509945aa1b644f9db3ef2) Importer(815301076,1909f56bfc062723c751e8b465ee728b)
Start importing Assets/Main Characters/Ninja Frog/Idle (32x32).png using Guid(cd947491a13509945aa1b644f9db3ef2) Importer(815301076,1909f56bfc062723c751e8b465ee728b)  -> (artifact id: '024aee2baaf82bf843292323a9afe7f2') in 0.038963 seconds 
========================================================================
Received Import Request.
  Time since last request: 12.331095 seconds.
  path: Assets/Main Characters/Pink Man/Fall (32x32).png
  artifactKey: Guid(1a6feec238b9a99499082bb755fa32df) Importer(815301076,1909f56bfc062723c751e8b465ee728b)
Start importing Assets/Main Characters/Pink Man/Fall (32x32).png using Guid(1a6feec238b9a99499082bb755fa32df) Importer(815301076,1909f56bfc062723c751e8b465ee728b)  -> (artifact id: '6b5758ce403fc7363da5ff047b072e12') in 0.019530 seconds 
========================================================================
Received Import Request.
  Time since last request: 0.000034 seconds.
  path: Assets/Main Characters/Pink Man/Run (32x32).png
  artifactKey: Guid(cdb0cc8ca9aac2a4d84c6aa3c1cbf52b) Importer(815301076,1909f56bfc062723c751e8b465ee728b)
Start importing Assets/Main Characters/Pink Man/Run (32x32).png using Guid(cdb0cc8ca9aac2a4d84c6aa3c1cbf52b) Importer(815301076,1909f56bfc062723c751e8b465ee728b)  -> (artifact id: '408f29252e35e4c74ed08fe0593aaab1') in 0.049187 seconds 
========================================================================
Received Import Request.
  Time since last request: 11.565497 seconds.
  path: Assets/Main Characters/Virtual Guy/Fall (32x32).png
  artifactKey: Guid(5c8b2ada1a819a54e8c051165c738f18) Importer(815301076,1909f56bfc062723c751e8b465ee728b)
Start importing Assets/Main Characters/Virtual Guy/Fall (32x32).png using Guid(5c8b2ada1a819a54e8c051165c738f18) Importer(815301076,1909f56bfc062723c751e8b465ee728b)  -> (artifact id: 'f710cefa844b6c93602008ec7b0406e7') in 0.021950 seconds 
========================================================================
Received Import Request.
  Time since last request: 0.000040 seconds.
  path: Assets/Main Characters/Virtual Guy/Idle (32x32).png
  artifactKey: Guid(40de9a8703e2e5a47882b0b86451c741) Importer(815301076,1909f56bfc062723c751e8b465ee728b)
Start importing Assets/Main Characters/Virtual Guy/Idle (32x32).png using Guid(40de9a8703e2e5a47882b0b86451c741) Importer(815301076,1909f56bfc062723c751e8b465ee728b)  -> (artifact id: '20e2fb03ddc553d749e432b64bd8515a') in 0.047866 seconds 
Editor requested this worker to shutdown with reason: Scaling down because of idle timeout
AssetImportWorker is now disconnected from the server
Process exiting
Exiting without the bug reporter. Application will terminate with return code 0